running develop
running egg_info
creating my_nav2_pkg.egg-info
writing my_nav2_pkg.egg-info/PKG-INFO
writing dependency_links to my_nav2_pkg.egg-info/dependency_links.txt
writing entry points to my_nav2_pkg.egg-info/entry_points.txt
writing requirements to my_nav2_pkg.egg-info/requires.txt
writing top-level names to my_nav2_pkg.egg-info/top_level.txt
writing manifest file 'my_nav2_pkg.egg-info/SOURCES.txt'
reading manifest file 'my_nav2_pkg.egg-info/SOURCES.txt'
writing manifest file 'my_nav2_pkg.egg-info/SOURCES.txt'
running build_ext
Creating /root/ros2_ws/install/my_nav2_pkg/lib/python3.10/site-packages/my-nav2-pkg.egg-link (link to .)
Installing patrol_node script to /root/ros2_ws/install/my_nav2_pkg/lib/my_nav2_pkg

Installed /root/ros2_ws/build/my_nav2_pkg
running symlink_data
creating /root/ros2_ws/install/my_nav2_pkg/share/ament_index
creating /root/ros2_ws/install/my_nav2_pkg/share/ament_index/resource_index
creating /root/ros2_ws/install/my_nav2_pkg/share/ament_index/resource_index/packages
symbolically linking /root/ros2_ws/build/my_nav2_pkg/resource/my_nav2_pkg -> /root/ros2_ws/install/my_nav2_pkg/share/ament_index/resource_index/packages
symbolically linking /root/ros2_ws/build/my_nav2_pkg/package.xml -> /root/ros2_ws/install/my_nav2_pkg/share/my_nav2_pkg
creating /root/ros2_ws/install/my_nav2_pkg/share/my_nav2_pkg/launch
symbolically linking /root/ros2_ws/build/my_nav2_pkg/launch/patrol_simulation.launch.py -> /root/ros2_ws/install/my_nav2_pkg/share/my_nav2_pkg/launch
creating /root/ros2_ws/install/my_nav2_pkg/share/my_nav2_pkg/maps
symbolically linking /root/ros2_ws/build/my_nav2_pkg/maps/my_map.yaml -> /root/ros2_ws/install/my_nav2_pkg/share/my_nav2_pkg/maps
symbolically linking /root/ros2_ws/build/my_nav2_pkg/maps/my_map.pgm -> /root/ros2_ws/install/my_nav2_pkg/share/my_nav2_pkg/maps
creating /root/ros2_ws/install/my_nav2_pkg/share/my_nav2_pkg/config
symbolically linking /root/ros2_ws/build/my_nav2_pkg/config/nav2_params.yaml -> /root/ros2_ws/install/my_nav2_pkg/share/my_nav2_pkg/config
