[0.261s] Invoking command in '/root/ros2_ws/build/my_nav2_pkg': PYTHONPATH=/root/ros2_ws/build/my_nav2_pkg/prefix_override:/usr/lib/python3/dist-packages/colcon_core/task/python/colcon_distutils_commands:/root/ros2_ws/install/my_nav2_pkg/lib/python3.10/site-packages: /usr/bin/python3 -W ignore:setup.py install is deprecated -W ignore:easy_install command is deprecated setup.py develop --editable --build-directory /root/ros2_ws/build/my_nav2_pkg/build --no-deps symlink_data
[0.364s] running develop
[0.392s] running egg_info
[0.392s] creating my_nav2_pkg.egg-info
[0.392s] writing my_nav2_pkg.egg-info/PKG-INFO
[0.392s] writing dependency_links to my_nav2_pkg.egg-info/dependency_links.txt
[0.392s] writing entry points to my_nav2_pkg.egg-info/entry_points.txt
[0.392s] writing requirements to my_nav2_pkg.egg-info/requires.txt
[0.392s] writing top-level names to my_nav2_pkg.egg-info/top_level.txt
[0.392s] writing manifest file 'my_nav2_pkg.egg-info/SOURCES.txt'
[0.392s] reading manifest file 'my_nav2_pkg.egg-info/SOURCES.txt'
[0.393s] writing manifest file 'my_nav2_pkg.egg-info/SOURCES.txt'
[0.394s] running build_ext
[0.394s] Creating /root/ros2_ws/install/my_nav2_pkg/lib/python3.10/site-packages/my-nav2-pkg.egg-link (link to .)
[0.394s] Installing patrol_node script to /root/ros2_ws/install/my_nav2_pkg/lib/my_nav2_pkg
[0.394s] 
[0.394s] Installed /root/ros2_ws/build/my_nav2_pkg
[0.394s] running symlink_data
[0.394s] creating /root/ros2_ws/install/my_nav2_pkg/share/ament_index
[0.394s] creating /root/ros2_ws/install/my_nav2_pkg/share/ament_index/resource_index
[0.394s] creating /root/ros2_ws/install/my_nav2_pkg/share/ament_index/resource_index/packages
[0.395s] symbolically linking /root/ros2_ws/build/my_nav2_pkg/resource/my_nav2_pkg -> /root/ros2_ws/install/my_nav2_pkg/share/ament_index/resource_index/packages
[0.395s] symbolically linking /root/ros2_ws/build/my_nav2_pkg/package.xml -> /root/ros2_ws/install/my_nav2_pkg/share/my_nav2_pkg
[0.395s] creating /root/ros2_ws/install/my_nav2_pkg/share/my_nav2_pkg/launch
[0.395s] symbolically linking /root/ros2_ws/build/my_nav2_pkg/launch/patrol_simulation.launch.py -> /root/ros2_ws/install/my_nav2_pkg/share/my_nav2_pkg/launch
[0.395s] creating /root/ros2_ws/install/my_nav2_pkg/share/my_nav2_pkg/maps
[0.395s] symbolically linking /root/ros2_ws/build/my_nav2_pkg/maps/my_map.yaml -> /root/ros2_ws/install/my_nav2_pkg/share/my_nav2_pkg/maps
[0.395s] symbolically linking /root/ros2_ws/build/my_nav2_pkg/maps/my_map.pgm -> /root/ros2_ws/install/my_nav2_pkg/share/my_nav2_pkg/maps
[0.395s] creating /root/ros2_ws/install/my_nav2_pkg/share/my_nav2_pkg/config
[0.395s] symbolically linking /root/ros2_ws/build/my_nav2_pkg/config/nav2_params.yaml -> /root/ros2_ws/install/my_nav2_pkg/share/my_nav2_pkg/config
[0.412s] Invoked command in '/root/ros2_ws/build/my_nav2_pkg' returned '0': PYTHONPATH=/root/ros2_ws/build/my_nav2_pkg/prefix_override:/usr/lib/python3/dist-packages/colcon_core/task/python/colcon_distutils_commands:/root/ros2_ws/install/my_nav2_pkg/lib/python3.10/site-packages: /usr/bin/python3 -W ignore:setup.py install is deprecated -W ignore:easy_install command is deprecated setup.py develop --editable --build-directory /root/ros2_ws/build/my_nav2_pkg/build --no-deps symlink_data
